kotlin version: 2.0.0
error message: org.jetbrains.kotlin.backend.common.BackendException: Backend Internal error: Exception during IR lowering
File being compiled: C:/Users/NightBlue/AndroidStudioProjects/Carousal/app/appstorys/src/main/java/com/appversal/appstorys/AutoSlidingCarousel.kt
The root cause java.lang.RuntimeException was thrown at: org.jetbrains.kotlin.backend.jvm.codegen.FunctionCodegen.generate(FunctionCodegen.kt:50)
	at org.jetbrains.kotlin.backend.common.CodegenUtil.reportBackendException(CodegenUtil.kt:253)
	at org.jetbrains.kotlin.backend.common.CodegenUtil.reportBackendException$default(CodegenUtil.kt:236)
	at org.jetbrains.kotlin.backend.common.phaser.PerformByIrFilePhase.invokeSequential(performByIrFile.kt:65)
	at org.jetbrains.kotlin.backend.common.phaser.PerformByIrFilePhase.invoke(performByIrFile.kt:52)
	at org.jetbrains.kotlin.backend.common.phaser.PerformByIrFilePhase.invoke(performByIrFile.kt:38)
	at org.jetbrains.kotlin.backend.common.phaser.NamedCompilerPhase.phaseBody(CompilerPhase.kt:166)
	at org.jetbrains.kotlin.backend.common.phaser.AbstractNamedCompilerPhase.invoke(CompilerPhase.kt:113)
	at org.jetbrains.kotlin.backend.common.phaser.CompositePhase.invoke(PhaseBuilders.kt:29)
	at org.jetbrains.kotlin.backend.common.phaser.CompositePhase.invoke(PhaseBuilders.kt:16)
	at org.jetbrains.kotlin.backend.common.phaser.NamedCompilerPhase.phaseBody(CompilerPhase.kt:166)
	at org.jetbrains.kotlin.backend.common.phaser.AbstractNamedCompilerPhase.invoke(CompilerPhase.kt:113)
	at org.jetbrains.kotlin.backend.common.phaser.CompilerPhaseKt.invokeToplevel(CompilerPhase.kt:62)
	at org.jetbrains.kotlin.backend.jvm.JvmIrCodegenFactory.invokeCodegen(JvmIrCodegenFactory.kt:371)
	at org.jetbrains.kotlin.codegen.CodegenFactory.generateModule(CodegenFactory.kt:47)
	at org.jetbrains.kotlin.backend.jvm.JvmIrCodegenFactory.generateModuleInFrontendIRMode(JvmIrCodegenFactory.kt:433)
	at org.jetbrains.kotlin.cli.jvm.compiler.pipeline.JvmCompilerPipelineKt.generateCodeFromIr(jvmCompilerPipeline.kt:241)
	at org.jetbrains.kotlin.cli.jvm.compiler.pipeline.JvmCompilerPipelineKt.compileModulesUsingFrontendIrAndLightTree(jvmCompilerPipeline.kt:140)
	at org.jetbrains.kotlin.cli.jvm.K2JVMCompiler.doExecute(K2JVMCompiler.kt:155)
	at org.jetbrains.kotlin.cli.jvm.K2JVMCompiler.doExecute(K2JVMCompiler.kt:50)
	at org.jetbrains.kotlin.cli.common.CLICompiler.execImpl(CLICompiler.kt:104)
	at org.jetbrains.kotlin.cli.common.CLICompiler.execImpl(CLICompiler.kt:48)
	at org.jetbrains.kotlin.cli.common.CLITool.exec(CLITool.kt:101)
	at org.jetbrains.kotlin.incremental.IncrementalJvmCompilerRunner.runCompiler(IncrementalJvmCompilerRunner.kt:453)
	at org.jetbrains.kotlin.incremental.IncrementalJvmCompilerRunner.runCompiler(IncrementalJvmCompilerRunner.kt:62)
	at org.jetbrains.kotlin.incremental.IncrementalCompilerRunner.doCompile(IncrementalCompilerRunner.kt:506)
	at org.jetbrains.kotlin.incremental.IncrementalCompilerRunner.compileImpl(IncrementalCompilerRunner.kt:423)
	at org.jetbrains.kotlin.incremental.IncrementalCompilerRunner.compileNonIncrementally(IncrementalCompilerRunner.kt:301)
	at org.jetbrains.kotlin.incremental.IncrementalCompilerRunner.compile(IncrementalCompilerRunner.kt:129)
	at org.jetbrains.kotlin.daemon.CompileServiceImplBase.execIncrementalCompiler(CompileServiceImpl.kt:676)
	at org.jetbrains.kotlin.daemon.CompileServiceImplBase.access$execIncrementalCompiler(CompileServiceImpl.kt:92)
	at org.jetbrains.kotlin.daemon.CompileServiceImpl.compile(CompileServiceImpl.kt:1661)
	at java.base/jdk.internal.reflect.DirectMethodHandleAccessor.invoke(Unknown Source)
	at java.base/java.lang.reflect.Method.invoke(Unknown Source)
	at java.rmi/sun.rmi.server.UnicastServerRef.dispatch(Unknown Source)
	at java.rmi/sun.rmi.transport.Transport$1.run(Unknown Source)
	at java.rmi/sun.rmi.transport.Transport$1.run(Unknown Source)
	at java.base/java.security.AccessController.doPrivileged(Unknown Source)
	at java.rmi/sun.rmi.transport.Transport.serviceCall(Unknown Source)
	at java.rmi/sun.rmi.transport.tcp.TCPTransport.handleMessages(Unknown Source)
	at java.rmi/sun.rmi.transport.tcp.TCPTransport$ConnectionHandler.run0(Unknown Source)
	at java.rmi/sun.rmi.transport.tcp.TCPTransport$ConnectionHandler.lambda$run$0(Unknown Source)
	at java.base/java.security.AccessController.doPrivileged(Unknown Source)
	at java.rmi/sun.rmi.transport.tcp.TCPTransport$ConnectionHandler.run(Unknown Source)
	at java.base/java.util.concurrent.ThreadPoolExecutor.runWorker(Unknown Source)
	at java.base/java.util.concurrent.ThreadPoolExecutor$Worker.run(Unknown Source)
	at java.base/java.lang.Thread.run(Unknown Source)
Caused by: java.lang.RuntimeException: Exception while generating code for:
FUN name:AutoSlidingCarousel-tecwe9o visibility:public modality:FINAL <> (modifier:androidx.compose.ui.Modifier, autoSlideDuration:kotlin.Long, pagerState:androidx.compose.foundation.pager.PagerState, itemsCount:kotlin.Int, itemContent:@[Composable] kotlin.Function1<@[ParameterName(name = "index")] kotlin.Int, kotlin.Unit>, selectedColor:androidx.compose.ui.graphics.Color, unSelectedColor:androidx.compose.ui.graphics.Color, selectedLength:androidx.compose.ui.unit.Dp, dotSize:androidx.compose.ui.unit.Dp) returnType:kotlin.Unit
  annotations:
    Composable
  VALUE_PARAMETER name:modifier index:0 type:androidx.compose.ui.Modifier
    EXPRESSION_BODY
      ERROR_EXPR 'Default Stub' type=androidx.compose.ui.Modifier
  VALUE_PARAMETER name:autoSlideDuration index:1 type:kotlin.Long
    EXPRESSION_BODY
      ERROR_EXPR 'Default Stub' type=kotlin.Long
  VALUE_PARAMETER name:pagerState index:2 type:androidx.compose.foundation.pager.PagerState
  VALUE_PARAMETER name:itemsCount index:3 type:kotlin.Int
  VALUE_PARAMETER name:itemContent index:4 type:@[Composable] kotlin.Function1<@[ParameterName(name = "index")] kotlin.Int, kotlin.Unit>
  VALUE_PARAMETER name:selectedColor index:5 type:androidx.compose.ui.graphics.Color
    EXPRESSION_BODY
      ERROR_EXPR 'Default Stub' type=androidx.compose.ui.graphics.Color
  VALUE_PARAMETER name:unSelectedColor index:6 type:androidx.compose.ui.graphics.Color
    EXPRESSION_BODY
      ERROR_EXPR 'Default Stub' type=androidx.compose.ui.graphics.Color
  VALUE_PARAMETER name:selectedLength index:7 type:androidx.compose.ui.unit.Dp
    EXPRESSION_BODY
      ERROR_EXPR 'Default Stub' type=androidx.compose.ui.unit.Dp
  VALUE_PARAMETER name:dotSize index:8 type:androidx.compose.ui.unit.Dp
    EXPRESSION_BODY
      ERROR_EXPR 'Default Stub' type=androidx.compose.ui.unit.Dp
  BLOCK_BODY
    VAR PROPERTY_DELEGATE name:isDragged$delegate type:androidx.compose.runtime.State<kotlin.Boolean> [val]
      CALL 'public final fun collectIsDraggedAsState (): androidx.compose.runtime.State<kotlin.Boolean> declared in androidx.compose.foundation.interaction.DragInteractionKt' type=androidx.compose.runtime.State<kotlin.Boolean> origin=null
        $receiver: CALL 'public final fun <get-interactionSource> (): androidx.compose.foundation.interaction.InteractionSource declared in androidx.compose.foundation.pager.PagerState' type=androidx.compose.foundation.interaction.InteractionSource origin=GET_PROPERTY
          $this: GET_VAR 'pagerState: androidx.compose.foundation.pager.PagerState declared in com.appversal.appstorys.AutoSlidingCarouselKt.AutoSlidingCarousel-tecwe9o' type=androidx.compose.foundation.pager.PagerState origin=null
    WHEN type=kotlin.Unit origin=IF
      BRANCH
        if: CALL 'public final fun not (): kotlin.Boolean [operator] declared in kotlin.Boolean' type=kotlin.Boolean origin=null
          $this: CALL 'private final fun AutoSlidingCarousel_tecwe9o$lambda$0 ($isDragged$delegate: androidx.compose.runtime.State<kotlin.Boolean>): kotlin.Boolean declared in com.appversal.appstorys.AutoSlidingCarouselKt' type=kotlin.Boolean origin=GET_LOCAL_PROPERTY
            $isDragged$delegate: GET_VAR 'val isDragged$delegate: androidx.compose.runtime.State<kotlin.Boolean> [val] declared in com.appversal.appstorys.AutoSlidingCarouselKt.AutoSlidingCarousel-tecwe9o' type=androidx.compose.runtime.State<kotlin.Boolean> origin=null
        then: BLOCK type=kotlin.Unit origin=null
          CALL 'public final fun LaunchedEffect (key1: kotlin.Any?, block: @[ExtensionFunctionType] kotlin.coroutines.SuspendFunction1<kotlinx.coroutines.CoroutineScope, kotlin.Unit>): kotlin.Unit declared in androidx.compose.runtime.EffectsKt' type=kotlin.Unit origin=null
            key1: GET_FIELD 'FIELD FIELD_FOR_OBJECT_INSTANCE name:INSTANCE type:kotlin.Unit visibility:public [final,static]' type=kotlin.Unit origin=null
            block: BLOCK type=com.appversal.appstorys.AutoSlidingCarouselKt.AutoSlidingCarousel-tecwe9o.<no name provided> origin=null
              CLASS SUSPEND_LAMBDA CLASS name:<no name provided> modality:FINAL visibility:public/*package*/ superTypes:[kotlin.coroutines.jvm.internal.SuspendLambda; kotlin.jvm.functions.Function2<kotlinx.coroutines.CoroutineScope, kotlin.coroutines.Continuation<kotlin.Unit>?, kotlin.Any?>]
                $this: VALUE_PARAMETER INSTANCE_RECEIVER name:<this> type:com.appversal.appstorys.AutoSlidingCarouselKt.AutoSlidingCarousel-tecwe9o.<no name provided>
                FIELD name:label type:kotlin.Int visibility:public/*package*/
                CONSTRUCTOR SUSPEND_LAMBDA visibility:public/*package*/ <> ($autoSlideDuration:kotlin.Long, $pagerState:androidx.compose.foundation.pager.PagerState, $itemsCount:kotlin.Int, $completion:kotlin.coroutines.Continuation<com.appversal.appstorys.AutoSlidingCarouselKt.AutoSlidingCarousel-tecwe9o.<no name provided>>?) returnType:com.appversal.appstorys.AutoSlidingCarouselKt.AutoSlidingCarousel-tecwe9o.<no name provided> [primary]
                  VALUE_PARAMETER BOUND_VALUE_PARAMETER name:$autoSlideDuration index:0 type:kotlin.Long
                  VALUE_PARAMETER BOUND_VALUE_PARAMETER name:$pagerState index:1 type:androidx.compose.foundation.pager.PagerState
                  VALUE_PARAMETER BOUND_VALUE_PARAMETER name:$itemsCount index:2 type:kotlin.Int
                  VALUE_PARAMETER name:$completion index:3 type:kotlin.coroutines.Continuation<com.appversal.appstorys.AutoSlidingCarouselKt.AutoSlidingCarousel-tecwe9o.<no name provided>>?
                  BLOCK_BODY
                    SET_FIELD 'FIELD FIELD_FOR_CAPTURED_VALUE name:$autoSlideDuration type:kotlin.Long visibility:public/*package*/ [final]' type=kotlin.Unit origin=INITIALIZER_OF_FIELD_FOR_CAPTURED_VALUE
                      receiver: GET_VAR '<this>: com.appversal.appstorys.AutoSlidingCarouselKt.AutoSlidingCarousel-tecwe9o.<no name provided> declared in com.appversal.appstorys.AutoSlidingCarouselKt.AutoSlidingCarousel-tecwe9o.<no name provided>' type=com.appversal.appstorys.AutoSlidingCarouselKt.AutoSlidingCarousel-tecwe9o.<no name provided> origin=null
                      value: GET_VAR '$autoSlideDuration: kotlin.Long declared in com.appversal.appstorys.AutoSlidingCarouselKt.AutoSlidingCarousel-tecwe9o.<no name provided>.<init>' type=kotlin.Long origin=null
                    SET_FIELD 'FIELD FIELD_FOR_CAPTURED_VALUE name:$pagerState type:androidx.compose.foundation.pager.PagerState visibility:public/*package*/ [final]' type=kotlin.Unit origin=INITIALIZER_OF_FIELD_FOR_CAPTURED_VALUE
                      receiver: GET_VAR '<this>: com.appversal.appstorys.AutoSlidingCarouselKt.AutoSlidingCarousel-tecwe9o.<no name provided> declared in com.appversal.appstorys.AutoSlidingCarouselKt.AutoSlidingCarousel-tecwe9o.<no name provided>' type=com.appversal.appstorys.AutoSlidingCarouselKt.AutoSlidingCarousel-tecwe9o.<no name provided> origin=null
                      value: GET_VAR '$pagerState: androidx.compose.foundation.pager.PagerState declared in com.appversal.appstorys.AutoSlidingCarouselKt.AutoSlidingCarousel-tecwe9o.<no name provided>.<init>' type=androidx.compose.foundation.pager.PagerState origin=null
                    SET_FIELD 'FIELD FIELD_FOR_CAPTURED_VALUE name:$itemsCount type:kotlin.Int visibility:public/*package*/ [final]' type=kotlin.Unit origin=INITIALIZER_OF_FIELD_FOR_CAPTURED_VALUE
                      receiver: GET_VAR '<this>: com.appversal.appstorys.AutoSlidingCarouselKt.AutoSlidingCarousel-tecwe9o.<no name provided> declared in com.appversal.appstorys.AutoSlidingCarouselKt.AutoSlidingCarousel-tecwe9o.<no name provided>' type=com.appversal.appstorys.AutoSlidingCarouselKt.AutoSlidingCarousel-tecwe9o.<no name provided> origin=null
                      value: GET_VAR '$itemsCount: kotlin.Int declared in com.appversal.appstorys.AutoSlidingCarouselKt.AutoSlidingCarousel-tecwe9o.<no name provided>.<init>' type=kotlin.Int origin=null
                    DELEGATING_CONSTRUCTOR_CALL 'public constructor <init> (arity: kotlin.Int, $completion: kotlin.coroutines.Continuation<kotlin.Any?>?) declared in kotlin.coroutines.jvm.internal.SuspendLambda'
                      arity: CONST Int type=kotlin.Int value=2
                      $completion: GET_VAR '$completion: kotlin.coroutines.Continuation<com.appversal.appstorys.AutoSlidingCarouselKt.AutoSlidingCarousel-tecwe9o.<no name provided>>? declared in com.appversal.appstorys.AutoSlidingCarouselKt.AutoSlidingCarousel-tecwe9o.<no name provided>.<init>' type=kotlin.coroutines.Continuation<com.appversal.appstorys.AutoSlidingCarouselKt.AutoSlidingCarousel-tecwe9o.<no name provided>>? origin=null
                    BLOCK type=kotlin.Unit origin=null
                FUN name:invokeSuspend visibility:public modality:FINAL <> ($this:com.appversal.appstorys.AutoSlidingCarouselKt.AutoSlidingCarousel-tecwe9o.<no name provided>, $result:kotlin.Result<kotlin.Any?>) returnType:kotlin.Any?
                  overridden:
                    protected abstract fun invokeSuspend ($result: kotlin.Result<kotlin.Any?>): kotlin.Any? declared in kotlin.coroutines.jvm.internal.SuspendLambda
                  $this: VALUE_PARAMETER INSTANCE_RECEIVER name:<this> type:com.appversal.appstorys.AutoSlidingCarouselKt.AutoSlidingCarousel-tecwe9o.<no name provided>
                  VALUE_PARAMETER name:$result index:0 type:kotlin.Result<kotlin.Any?>
                  BLOCK_BODY
                    CALL 'public final fun repeat (times: kotlin.Int, action: kotlin.Function1<kotlin.Int, kotlin.Unit>): kotlin.Unit [inline] declared in kotlin.StandardKt' type=kotlin.Unit origin=null
                      times: CONST Int type=kotlin.Int value=2147483647
                      action: BLOCK type=kotlin.Function1<kotlin.Int, kotlin.Unit> origin=LAMBDA
                        COMPOSITE type=kotlin.Unit origin=null
                        FUNCTION_REFERENCE 'private final fun invokeSuspend$lambda$0 ($autoSlideDuration: kotlin.Long, $pagerState: androidx.compose.foundation.pager.PagerState, $itemsCount: kotlin.Int, it: kotlin.Int): kotlin.Unit declared in com.appversal.appstorys.AutoSlidingCarouselKt.AutoSlidingCarousel-tecwe9o.<no name provided>' type=kotlin.Function1<kotlin.Int, kotlin.Unit> origin=INLINE_LAMBDA reflectionTarget=null
                          $autoSlideDuration: GET_FIELD 'FIELD FIELD_FOR_CAPTURED_VALUE name:$autoSlideDuration type:kotlin.Long visibility:public/*package*/ [final]' type=kotlin.Long origin=null
                            receiver: GET_VAR '<this>: com.appversal.appstorys.AutoSlidingCarouselKt.AutoSlidingCarousel-tecwe9o.<no name provided> declared in com.appversal.appstorys.AutoSlidingCarouselKt.AutoSlidingCarousel-tecwe9o.<no name provided>.invokeSuspend' type=com.appversal.appstorys.AutoSlidingCarouselKt.AutoSlidingCarousel-tecwe9o.<no name provided> origin=null
                          $pagerState: GET_FIELD 'FIELD FIELD_FOR_CAPTURED_VALUE name:$pagerState type:androidx.compose.foundation.pager.PagerState visibility:public/*package*/ [final]' type=androidx.compose.foundation.pager.PagerState origin=null
                            receiver: GET_VAR '<this>: com.appversal.appstorys.AutoSlidingCarouselKt.AutoSlidingCarousel-tecwe9o.<no name provided> declared in com.appversal.appstorys.AutoSlidingCarouselKt.AutoSlidingCarousel-tecwe9o.<no name provided>.invokeSuspend' type=com.appversal.appstorys.AutoSlidingCarouselKt.AutoSlidingCarousel-tecwe9o.<no name provided> origin=null
                          $itemsCount: GET_FIELD 'FIELD FIELD_FOR_CAPTURED_VALUE name:$itemsCount type:kotlin.Int visibility:public/*package*/ [final]' type=kotlin.Int origin=null
                            receiver: GET_VAR '<this>: com.appversal.appstorys.AutoSlidingCarouselKt.AutoSlidingCarousel-tecwe9o.<no name provided> declared in com.appversal.appstorys.AutoSlidingCarouselKt.AutoSlidingCarousel-tecwe9o.<no name provided>.invokeSuspend' type=com.appversal.appstorys.AutoSlidingCarouselKt.AutoSlidingCarousel-tecwe9o.<no name provided> origin=null
                FUN name:create visibility:public modality:FINAL <> ($this:com.appversal.appstorys.AutoSlidingCarouselKt.AutoSlidingCarousel-tecwe9o.<no name provided>, value:kotlin.Any?, $completion:kotlin.coroutines.Continuation<kotlin.Nothing>) returnType:kotlin.coroutines.Continuation<kotlin.Unit>
                  overridden:
                    public open fun create (value: kotlin.Any?, $completion: kotlin.coroutines.Continuation<kotlin.Nothing>): kotlin.coroutines.Continuation<kotlin.Unit> declared in kotlin.coroutines.jvm.internal.SuspendLambda
                  $this: VALUE_PARAMETER INSTANCE_RECEIVER name:<this> type:com.appversal.appstorys.AutoSlidingCarouselKt.AutoSlidingCarousel-tecwe9o.<no name provided>
                  VALUE_PARAMETER name:value index:0 type:kotlin.Any?
                  VALUE_PARAMETER name:$completion index:1 type:kotlin.coroutines.Continuation<kotlin.Nothing>
                  BLOCK_BODY
                    RETURN type=kotlin.Nothing from='public final fun create (value: kotlin.Any?, $completion: kotlin.coroutines.Continuation<kotlin.Nothing>): kotlin.coroutines.Continuation<kotlin.Unit> declared in com.appversal.appstorys.AutoSlidingCarouselKt.AutoSlidingCarousel-tecwe9o.<no name provided>'
                      CONSTRUCTOR_CALL 'public/*package*/ constructor <init> ($autoSlideDuration: kotlin.Long, $pagerState: androidx.compose.foundation.pager.PagerState, $itemsCount: kotlin.Int, $completion: kotlin.coroutines.Continuation<com.appversal.appstorys.AutoSlidingCarouselKt.AutoSlidingCarousel-tecwe9o.<no name provided>>?) [primary] declared in com.appversal.appstorys.AutoSlidingCarouselKt.AutoSlidingCarousel-tecwe9o.<no name provided>' type=com.appversal.appstorys.AutoSlidingCarouselKt.AutoSlidingCarousel-tecwe9o.<no name provided> origin=null
                        $autoSlideDuration: GET_FIELD 'FIELD FIELD_FOR_CAPTURED_VALUE name:$autoSlideDuration type:kotlin.Long visibility:public/*package*/ [final]' type=kotlin.Long origin=null
                          receiver: GET_VAR '<this>: com.appversal.appstorys.AutoSlidingCarouselKt.AutoSlidingCarousel-tecwe9o.<no name provided> declared in com.appversal.appstorys.AutoSlidingCarouselKt.AutoSlidingCarousel-tecwe9o.<no name provided>.create' type=com.appversal.appstorys.AutoSlidingCarouselKt.AutoSlidingCarousel-tecwe9o.<no name provided> origin=null
                        $pagerState: GET_FIELD 'FIELD FIELD_FOR_CAPTURED_VALUE name:$pagerState type:androidx.compose.foundation.pager.PagerState visibility:public/*package*/ [final]' type=androidx.compose.foundation.pager.PagerState origin=null
                          receiver: GET_VAR '<this>: com.appversal.appstorys.AutoSlidingCarouselKt.AutoSlidingCarousel-tecwe9o.<no name provided> declared in com.appversal.appstorys.AutoSlidingCarouselKt.AutoSlidingCarousel-tecwe9o.<no name provided>.create' type=com.appversal.appstorys.AutoSlidingCarouselKt.AutoSlidingCarousel-tecwe9o.<no name provided> origin=null
                        $itemsCount: GET_FIELD 'FIELD FIELD_FOR_CAPTURED_VALUE name:$itemsCount type:kotlin.Int visibility:public/*package*/ [final]' type=kotlin.Int origin=null
                          receiver: GET_VAR '<this>: com.appversal.appstorys.AutoSlidingCarouselKt.AutoSlidingCarousel-tecwe9o.<no name provided> declared in com.appversal.appstorys.AutoSlidingCarouselKt.AutoSlidingCarousel-tecwe9o.<no name provided>.create' type=com.appversal.appstorys.AutoSlidingCarouselKt.AutoSlidingCarousel-tecwe9o.<no name provided> origin=null
                        $completion: GET_VAR '$completion: kotlin.coroutines.Continuation<kotlin.Nothing> declared in com.appversal.appstorys.AutoSlidingCarouselKt.AutoSlidingCarousel-tecwe9o.<no name provided>.create' type=kotlin.coroutines.Continuation<kotlin.Nothing> origin=null
                FUN name:invoke visibility:public modality:FINAL <> ($this:com.appversal.appstorys.AutoSlidingCarouselKt.AutoSlidingCarousel-tecwe9o.<no name provided>, p1:kotlinx.coroutines.CoroutineScope, p2:kotlin.coroutines.Continuation<kotlin.Unit>?) returnType:kotlin.Any?
                  overridden:
                    public abstract fun invoke (p1: P1 of kotlin.jvm.functions.Function2, p2: P2 of kotlin.jvm.functions.Function2): R of kotlin.jvm.functions.Function2 declared in kotlin.jvm.functions.Function2
                  $this: VALUE_PARAMETER INSTANCE_RECEIVER name:<this> type:com.appversal.appstorys.AutoSlidingCarouselKt.AutoSlidingCarousel-tecwe9o.<no name provided>
                  VALUE_PARAMETER name:p1 index:0 type:kotlinx.coroutines.CoroutineScope
                  VALUE_PARAMETER name:p2 index:1 type:kotlin.coroutines.Continuation<kotlin.Unit>?
                  BLOCK_BODY
                    RETURN type=kotlin.Nothing from='public final fun invoke (p1: kotlinx.coroutines.CoroutineScope, p2: kotlin.coroutines.Continuation<kotlin.Unit>?): kotlin.Any? declared in com.appversal.appstorys.AutoSlidingCarouselKt.AutoSlidingCarousel-tecwe9o.<no name provided>'
                      CALL 'public final fun invokeSuspend ($result: kotlin.Result<kotlin.Any?>): kotlin.Any? declared in com.appversal.appstorys.AutoSlidingCarouselKt.AutoSlidingCarousel-tecwe9o.<no name provided>' type=kotlin.Any? origin=null
                        $this: TYPE_OP type=com.appversal.appstorys.AutoSlidingCarouselKt.AutoSlidingCarousel-tecwe9o.<no name provided> origin=IMPLICIT_CAST typeOperand=com.appversal.appstorys.AutoSlidingCarouselKt.AutoSlidingCarousel-tecwe9o.<no name provided>
                          CALL 'public final fun create (value: kotlin.Any?, $completion: kotlin.coroutines.Continuation<kotlin.Nothing>): kotlin.coroutines.Continuation<kotlin.Unit> declared in com.appversal.appstorys.AutoSlidingCarouselKt.AutoSlidingCarousel-tecwe9o.<no name provided>' type=kotlin.coroutines.Continuation<kotlin.Unit> origin=null
                            $this: GET_VAR '<this>: com.appversal.appstorys.AutoSlidingCarouselKt.AutoSlidingCarousel-tecwe9o.<no name provided> declared in com.appversal.appstorys.AutoSlidingCarouselKt.AutoSlidingCarousel-tecwe9o.<no name provided>.invoke' type=com.appversal.appstorys.AutoSlidingCarouselKt.AutoSlidingCarousel-tecwe9o.<no name provided> origin=null
                            value: GET_VAR 'p1: kotlinx.coroutines.CoroutineScope declared in com.appversal.appstorys.AutoSlidingCarouselKt.AutoSlidingCarousel-tecwe9o.<no name provided>.invoke' type=kotlinx.coroutines.CoroutineScope origin=null
                            $completion: GET_VAR 'p2: kotlin.coroutines.Continuation<kotlin.Unit>? declared in com.appversal.appstorys.AutoSlidingCarouselKt.AutoSlidingCarousel-tecwe9o.<no name provided>.invoke' type=kotlin.coroutines.Continuation<kotlin.Unit>? origin=null
                        $result: CALL 'public final fun <unsafe-coerce> <T, R> (v: T of kotlin.jvm.internal.<unsafe-coerce>): R of kotlin.jvm.internal.<unsafe-coerce> declared in kotlin.jvm.internal' type=kotlin.Result<kotlin.Any?> origin=null
                          <T>: kotlin.Any?
                          <R>: kotlin.Result<kotlin.Any?>
                          v: GET_FIELD 'FIELD FIELD_FOR_OBJECT_INSTANCE name:INSTANCE type:kotlin.Unit visibility:public [final,static]' type=kotlin.Unit origin=null
                FIELD FIELD_FOR_CAPTURED_VALUE name:$autoSlideDuration type:kotlin.Long visibility:public/*package*/ [final]
                FIELD FIELD_FOR_CAPTURED_VALUE name:$pagerState type:androidx.compose.foundation.pager.PagerState visibility:public/*package*/ [final]
                FIELD FIELD_FOR_CAPTURED_VALUE name:$itemsCount type:kotlin.Int visibility:public/*package*/ [final]
                FUN INLINE_LAMBDA name:invokeSuspend$lambda$0 visibility:private modality:FINAL <> ($autoSlideDuration:kotlin.Long, $pagerState:androidx.compose.foundation.pager.PagerState, $itemsCount:kotlin.Int, it:kotlin.Int) returnType:kotlin.Unit
                  VALUE_PARAMETER BOUND_VALUE_PARAMETER name:$autoSlideDuration index:0 type:kotlin.Long
                  VALUE_PARAMETER BOUND_VALUE_PARAMETER name:$pagerState index:1 type:androidx.compose.foundation.pager.PagerState
                  VALUE_PARAMETER BOUND_VALUE_PARAMETER name:$itemsCount index:2 type:kotlin.Int
                  VALUE_PARAMETER name:it index:3 type:kotlin.Int
                  BLOCK_BODY
                    VAR name:$i$a$-repeat-AutoSlidingCarouselKt$AutoSlidingCarousel$1$1 type:kotlin.Int [val]
                      CONST Int type=kotlin.Int value=0
                    CALL 'public final fun delay (timeMillis: kotlin.Long, $completion: kotlin.coroutines.Continuation<kotlin.Unit>): kotlin.Any? [suspend] declared in kotlinx.coroutines.DelayKt' type=kotlin.Unit origin=null
                      timeMillis: GET_VAR '$autoSlideDuration: kotlin.Long declared in com.appversal.appstorys.AutoSlidingCarouselKt.AutoSlidingCarousel-tecwe9o.<no name provided>.invokeSuspend$lambda$0' type=kotlin.Long origin=null
                      $completion: COMPOSITE type=kotlin.coroutines.Continuation<kotlin.Unit> origin=FAKE_CONTINUATION
                    CALL 'public final fun animateScrollToPage$default ($this: androidx.compose.foundation.pager.PagerState, page: kotlin.Int, pageOffsetFraction: kotlin.Float, animationSpec: androidx.compose.animation.core.AnimationSpec<kotlin.Float>?, $completion: kotlin.coroutines.Continuation<kotlin.Unit>, $mask0: kotlin.Int, $handler: kotlin.Any?): kotlin.Any? [suspend] declared in androidx.compose.foundation.pager.PagerState' type=kotlin.Unit origin=DEFAULT_DISPATCH_CALL
                      $this: GET_VAR '$pagerState: androidx.compose.foundation.pager.PagerState declared in com.appversal.appstorys.AutoSlidingCarouselKt.AutoSlidingCarousel-tecwe9o.<no name provided>.invokeSuspend$lambda$0' type=androidx.compose.foundation.pager.PagerState origin=null
                      page: CALL 'public final fun mod (other: kotlin.Int): kotlin.Int [inline] declared in kotlin.NumbersKt' type=kotlin.Int origin=null
                        $receiver: CALL 'public final fun plus (other: kotlin.Int): kotlin.Int [operator] declared in kotlin.Int' type=kotlin.Int origin=PLUS
                          $this: CALL 'public final fun <get-currentPage> (): kotlin.Int declared in androidx.compose.foundation.pager.PagerState' type=kotlin.Int origin=GET_PROPERTY
                            $this: GET_VAR '$pagerState: androidx.compose.foundation.pager.PagerState declared in com.appversal.appstorys.AutoSlidingCarouselKt.AutoSlidingCarousel-tecwe9o.<no name provided>.invokeSuspend$lambda$0' type=androidx.compose.foundation.pager.PagerState origin=null
                          other: CONST Int type=kotlin.Int value=1
                        other: GET_VAR '$itemsCount: kotlin.Int declared in com.appversal.appstorys.AutoSlidingCarouselKt.AutoSlidingCarousel-tecwe9o.<no name provided>.invokeSuspend$lambda$0' type=kotlin.Int origin=null
                      pageOffsetFraction: COMPOSITE type=kotlin.Float origin=DEFAULT_VALUE
                        CONST Float type=kotlin.Float value=0.0
                      animationSpec: COMPOSITE type=androidx.compose.animation.core.AnimationSpec<kotlin.Float>? origin=DEFAULT_VALUE
                        CONST Null type=androidx.compose.animation.core.AnimationSpec<kotlin.Float>? value=null
                      $completion: COMPOSITE type=kotlin.coroutines.Continuation<kotlin.Unit> origin=FAKE_CONTINUATION
                      $mask0: CONST Int type=kotlin.Int value=6
                      $handler: CONST Null type=kotlin.Any? value=null
                FUN BRIDGE name:invoke visibility:public modality:OPEN <> ($this:com.appversal.appstorys.AutoSlidingCarouselKt.AutoSlidingCarousel-tecwe9o.<no name provided>, p1:kotlin.Any?, p2:kotlin.Any?) returnType:kotlin.Any?
                  $this: VALUE_PARAMETER INSTANCE_RECEIVER name:<this> type:com.appversal.appstorys.AutoSlidingCarouselKt.AutoSlidingCarousel-tecwe9o.<no name provided>
                  VALUE_PARAMETER BRIDGE name:p1 index:0 type:kotlin.Any?
                  VALUE_PARAMETER BRIDGE name:p2 index:1 type:kotlin.Any?
                  EXPRESSION_BODY
                    RETURN type=kotlin.Nothing from='public open fun invoke (p1: kotlin.Any?, p2: kotlin.Any?): kotlin.Any? declared in com.appversal.appstorys.AutoSlidingCarouselKt.AutoSlidingCarousel-tecwe9o.<no name provided>'
                      CALL 'public final fun invoke (p1: kotlinx.coroutines.CoroutineScope, p2: kotlin.coroutines.Continuation<kotlin.Unit>?): kotlin.Any? declared in com.appversal.appstorys.AutoSlidingCarouselKt.AutoSlidingCarousel-tecwe9o.<no name provided>' type=kotlin.Any? origin=BRIDGE_DELEGATION
                        $this: GET_VAR '<this>: com.appversal.appstorys.AutoSlidingCarouselKt.AutoSlidingCarousel-tecwe9o.<no name provided> declared in com.appversal.appstorys.AutoSlidingCarouselKt.AutoSlidingCarousel-tecwe9o.<no name provided>.invoke' type=com.appversal.appstorys.AutoSlidingCarouselKt.AutoSlidingCarousel-tecwe9o.<no name provided> origin=null
                        p1: TYPE_OP type=kotlinx.coroutines.CoroutineScope origin=IMPLICIT_CAST typeOperand=kotlinx.coroutines.CoroutineScope
                          GET_VAR 'p1: kotlin.Any? declared in com.appversal.appstorys.AutoSlidingCarouselKt.AutoSlidingCarousel-tecwe9o.<no name provided>.invoke' type=kotlin.Any? origin=null
                        p2: TYPE_OP type=kotlin.coroutines.Continuation<*> origin=IMPLICIT_CAST typeOperand=kotlin.coroutines.Continuation<*>
                          GET_VAR 'p2: kotlin.Any? declared in com.appversal.appstorys.AutoSlidingCarouselKt.AutoSlidingCarousel-tecwe9o.<no name provided>.invoke' type=kotlin.Any? origin=null
              CONSTRUCTOR_CALL 'public/*package*/ constructor <init> ($autoSlideDuration: kotlin.Long, $pagerState: androidx.compose.foundation.pager.PagerState, $itemsCount: kotlin.Int, $completion: kotlin.coroutines.Continuation<com.appversal.appstorys.AutoSlidingCarouselKt.AutoSlidingCarousel-tecwe9o.<no name provided>>?) [primary] declared in com.appversal.appstorys.AutoSlidingCarouselKt.AutoSlidingCarousel-tecwe9o.<no name provided>' type=com.appversal.appstorys.AutoSlidingCarouselKt.AutoSlidingCarousel-tecwe9o.<no name provided> origin=null
                $autoSlideDuration: GET_VAR 'autoSlideDuration: kotlin.Long declared in com.appversal.appstorys.AutoSlidingCarouselKt.AutoSlidingCarousel-tecwe9o' type=kotlin.Long origin=null
                $pagerState: GET_VAR 'pagerState: androidx.compose.foundation.pager.PagerState declared in com.appversal.appstorys.AutoSlidingCarouselKt.AutoSlidingCarousel-tecwe9o' type=androidx.compose.foundation.pager.PagerState origin=null
                $itemsCount: GET_VAR 'itemsCount: kotlin.Int declared in com.appversal.appstorys.AutoSlidingCarouselKt.AutoSlidingCarousel-tecwe9o' type=kotlin.Int origin=null
                $completion: CONST Null type=kotlin.Nothing? value=null
    CALL 'public final fun Column$default (modifier: androidx.compose.ui.Modifier?, verticalArrangement: androidx.compose.foundation.layout.Arrangement.Vertical?, horizontalAlignment: androidx.compose.ui.Alignment.Horizontal?, content: @[Composable] @[ExtensionFunctionType] kotlin.Function1<androidx.compose.foundation.layout.ColumnScope, kotlin.Unit>, $mask0: kotlin.Int, $handler: kotlin.Any?): kotlin.Unit [inline] declared in androidx.compose.foundation.layout.ColumnKt' type=kotlin.Unit origin=DEFAULT_DISPATCH_CALL
      modifier: CALL 'public final fun fillMaxWidth$default (fraction: kotlin.Float, $mask0: kotlin.Int, $handler: kotlin.Any?): androidx.compose.ui.Modifier declared in androidx.compose.foundation.layout.SizeKt' type=androidx.compose.ui.Modifier origin=DEFAULT_DISPATCH_CALL
        $receiver: GET_VAR 'modifier: androidx.compose.ui.Modifier declared in com.appversal.appstorys.AutoSlidingCarouselKt.AutoSlidingCarousel-tecwe9o' type=androidx.compose.ui.Modifier origin=null
        fraction: COMPOSITE type=kotlin.Float origin=DEFAULT_VALUE
          CONST Float type=kotlin.Float value=0.0
        $mask0: CONST Int type=kotlin.Int value=1
        $handler: CONST Null type=kotlin.Any? value=null
      verticalArrangement: COMPOSITE type=androidx.compose.foundation.layout.Arrangement.Vertical? origin=DEFAULT_VALUE
        CONST Null type=androidx.compose.foundation.layout.Arrangement.Vertical? value=null
      horizontalAlignment: CALL 'public final fun <get-CenterHorizontally> (): androidx.compose.ui.Alignment.Horizontal declared in androidx.compose.ui.Alignment.Companion' type=androidx.compose.ui.Alignment.Horizontal origin=GET_PROPERTY
        $this: GET_FIELD 'FIELD FIELD_FOR_OBJECT_INSTANCE name:Companion type:androidx.compose.ui.Alignment.Companion visibility:public [final,static]' type=androidx.compose.ui.Alignment.Companion origin=null
      content: BLOCK type=@[ExtensionFunctionType] kotlin.Function1<androidx.compose.foundation.layout.ColumnScope, kotlin.Unit> origin=LAMBDA
        COMPOSITE type=kotlin.Unit origin=null
        FUNCTION_REFERENCE 'private final fun AutoSlidingCarousel_tecwe9o$lambda$3 ($itemsCount: kotlin.Int, $pagerState: androidx.compose.foundation.pager.PagerState, $selectedColor: androidx.compose.ui.graphics.Color, $unSelectedColor: androidx.compose.ui.graphics.Color, $dotSize: androidx.compose.ui.unit.Dp, $selectedLength: androidx.compose.ui.unit.Dp, $itemContent: @[Composable] kotlin.Function1<@[ParameterName(name = "index")] kotlin.Int, kotlin.Unit>, $isDragged$delegate: androidx.compose.runtime.State<kotlin.Boolean>): kotlin.Unit declared in com.appversal.appstorys.AutoSlidingCarouselKt' type=@[ExtensionFunctionType] kotlin.Function1<androidx.compose.foundation.layout.ColumnScope, kotlin.Unit> origin=INLINE_LAMBDA reflectionTarget=null
          $itemsCount: GET_VAR 'itemsCount: kotlin.Int declared in com.appversal.appstorys.AutoSlidingCarouselKt.AutoSlidingCarousel-tecwe9o' type=kotlin.Int origin=null
          $pagerState: GET_VAR 'pagerState: androidx.compose.foundation.pager.PagerState declared in com.appversal.appstorys.AutoSlidingCarouselKt.AutoSlidingCarousel-tecwe9o' type=androidx.compose.foundation.pager.PagerState origin=null
          $selectedColor: GET_VAR 'selectedColor: androidx.compose.ui.graphics.Color declared in com.appversal.appstorys.AutoSlidingCarouselKt.AutoSlidingCarousel-tecwe9o' type=androidx.compose.ui.graphics.Color origin=null
          $unSelectedColor: GET_VAR 'unSelectedColor: androidx.compose.ui.graphics.Color declared in com.appversal.appstorys.AutoSlidingCarouselKt.AutoSlidingCarousel-tecwe9o' type=androidx.compose.ui.graphics.Color origin=null
          $dotSize: GET_VAR 'dotSize: androidx.compose.ui.unit.Dp declared in com.appversal.appstorys.AutoSlidingCarouselKt.AutoSlidingCarousel-tecwe9o' type=androidx.compose.ui.unit.Dp origin=null
          $selectedLength: GET_VAR 'selectedLength: androidx.compose.ui.unit.Dp declared in com.appversal.appstorys.AutoSlidingCarouselKt.AutoSlidingCarousel-tecwe9o' type=androidx.compose.ui.unit.Dp origin=null
          $itemContent: GET_VAR 'itemContent: @[Composable] kotlin.Function1<@[ParameterName(name = "index")] kotlin.Int, kotlin.Unit> declared in com.appversal.appstorys.AutoSlidingCarouselKt.AutoSlidingCarousel-tecwe9o' type=@[Composable] kotlin.Function1<@[ParameterName(name = "index")] kotlin.Int, kotlin.Unit> origin=null
          $isDragged$delegate: GET_VAR 'val isDragged$delegate: androidx.compose.runtime.State<kotlin.Boolean> [val] declared in com.appversal.appstorys.AutoSlidingCarouselKt.AutoSlidingCarousel-tecwe9o' type=androidx.compose.runtime.State<kotlin.Boolean> origin=null
      $mask0: CONST Int type=kotlin.Int value=2
      $handler: CONST Null type=kotlin.Any? value=null

	at org.jetbrains.kotlin.backend.jvm.codegen.FunctionCodegen.generate(FunctionCodegen.kt:50)
	at org.jetbrains.kotlin.backend.jvm.codegen.FunctionCodegen.generate$default(FunctionCodegen.kt:42)
	at org.jetbrains.kotlin.backend.jvm.codegen.ClassCodegen.generateMethodNode(ClassCodegen.kt:385)
	at org.jetbrains.kotlin.backend.jvm.codegen.ClassCodegen.generateMethod(ClassCodegen.kt:402)
	at org.jetbrains.kotlin.backend.jvm.codegen.ClassCodegen.generate(ClassCodegen.kt:169)
	at org.jetbrains.kotlin.backend.jvm.FileCodegen.lower(JvmPhases.kt:41)
	at org.jetbrains.kotlin.backend.common.phaser.PhaseBuildersKt.makeIrFilePhase$lambda$5(PhaseBuilders.kt:114)
	at org.jetbrains.kotlin.backend.common.phaser.PhaseBuildersKt$createSimpleNamedCompilerPhase$1.phaseBody(PhaseBuilders.kt:71)
	at org.jetbrains.kotlin.backend.common.phaser.SimpleNamedCompilerPhase.phaseBody(CompilerPhase.kt:226)
	at org.jetbrains.kotlin.backend.common.phaser.AbstractNamedCompilerPhase.invoke(CompilerPhase.kt:113)
	at org.jetbrains.kotlin.backend.common.phaser.PerformByIrFilePhase.invokeSequential(performByIrFile.kt:62)
	... 43 more
Caused by: org.jetbrains.kotlin.codegen.CompilationException: Back-end (JVM) Internal error: Couldn't inline method call: CALL 'public final fun Column$default (modifier: androidx.compose.ui.Modifier?, verticalArrangement: androidx.compose.foundation.layout.Arrangement.Vertical?, horizontalAlignment: androidx.compose.ui.Alignment.Horizontal?, content: @[Composable] @[ExtensionFunctionType] kotlin.Function1<androidx.compose.foundation.layout.ColumnScope, kotlin.Unit>, $mask0: kotlin.Int, $handler: kotlin.Any?): kotlin.Unit [inline] declared in androidx.compose.foundation.layout.ColumnKt' type=kotlin.Unit origin=DEFAULT_DISPATCH_CALL
Method: null
File is unknown
The root cause java.lang.IllegalStateException was thrown at: org.jetbrains.kotlin.codegen.inline.SourceCompilerForInlineKt.getMethodNode(SourceCompilerForInline.kt:118)
	at org.jetbrains.kotlin.codegen.inline.InlineCodegen.performInline(InlineCodegen.kt:65)
	at org.jetbrains.kotlin.backend.jvm.codegen.IrInlineCodegen.genInlineCall(IrInlineCodegen.kt:162)
	at org.jetbrains.kotlin.backend.jvm.codegen.IrInlineCallGenerator.genCall(IrInlineCallGenerator.kt:36)
	at org.jetbrains.kotlin.backend.jvm.codegen.ExpressionCodegen.visitCall(ExpressionCodegen.kt:647)
	at org.jetbrains.kotlin.backend.jvm.codegen.ExpressionCodegen.visitCall(ExpressionCodegen.kt:137)
	at org.jetbrains.kotlin.ir.expressions.IrCall.accept(IrCall.kt:24)
	at org.jetbrains.kotlin.backend.jvm.codegen.ExpressionCodegen.visitStatementContainer(ExpressionCodegen.kt:573)
	at org.jetbrains.kotlin.backend.jvm.codegen.ExpressionCodegen.visitBlockBody(ExpressionCodegen.kt:578)
	at org.jetbrains.kotlin.backend.jvm.codegen.ExpressionCodegen.visitBlockBody(ExpressionCodegen.kt:137)
	at org.jetbrains.kotlin.ir.expressions.IrBlockBody.accept(IrBlockBody.kt:20)
	at org.jetbrains.kotlin.backend.jvm.codegen.ExpressionCodegen.generate(ExpressionCodegen.kt:239)
	at org.jetbrains.kotlin.backend.jvm.codegen.FunctionCodegen.doGenerate(FunctionCodegen.kt:121)
	at org.jetbrains.kotlin.backend.jvm.codegen.FunctionCodegen.generate(FunctionCodegen.kt:46)
	... 53 more
Caused by: java.lang.IllegalStateException: couldn't find inline method Landroidx/compose/foundation/layout/ColumnKt;.Column$default(Landroidx/compose/ui/Modifier;Landroidx/compose/foundation/layout/Arrangement$Vertical;Landroidx/compose/ui/Alignment$Horizontal;Lkotlin/jvm/functions/Function1;ILjava/lang/Object;)V
	at org.jetbrains.kotlin.codegen.inline.SourceCompilerForInlineKt.getMethodNode(SourceCompilerForInline.kt:118)
	at org.jetbrains.kotlin.codegen.inline.SourceCompilerForInlineKt.loadCompiledInlineFunction(SourceCompilerForInline.kt:96)
	at org.jetbrains.kotlin.backend.jvm.codegen.IrSourceCompilerForInline.compileInlineFunction(IrSourceCompilerForInline.kt:91)
	at org.jetbrains.kotlin.codegen.inline.InlineCodegen.compileInline(InlineCodegen.kt:43)
	at org.jetbrains.kotlin.codegen.inline.InlineCodegen.performInline(InlineCodegen.kt:51)
	... 65 more


